<?xml version="1.0" encoding="UTF-8"?>
<!-- Generated by org.testng.reporters.JUnitXMLReporter -->
<testsuite ignored="2" hostname="FAMOLD1914" failures="0" tests="3" name="Surefire test" time="3.67" errors="0" timestamp="27 Mar 2024 10:33:40 GMT">
  <testcase classname="MealPlanTest" name="AddItemtoMealPlanTest" time="2.328"/>
  <testcase classname="MealPlanTest" name="DeleteItemtoMealPlanTest" time="0.31"/>
  <testcase classname="MealPlanTest" name="MealPlanGenerateTest" time="0.912"/>
  <testcase classname="BaseTest" name="@AfterSuite TearDownSuite" time="0.0">
    <ignored/>
  </testcase> <!-- @AfterSuite TearDownSuite -->
  <testcase classname="BaseTest" name="@BeforeSuite SetUpSuite" time="0.0">
    <ignored/>
  </testcase> <!-- @BeforeSuite SetUpSuite -->
</testsuite> <!-- Surefire test -->
