<?xml version="1.0" encoding="UTF-8"?>
<testng-results ignored="2" total="5" passed="3" failed="0" skipped="0">
  <reporter-output>
  </reporter-output>
  <suite started-at="2024-03-27T10:33:36Z" name="Surefire suite" finished-at="2024-03-27T10:33:40Z" duration-ms="3670">
    <groups>
    </groups>
    <test started-at="2024-03-27T10:33:36Z" name="Surefire test" finished-at="2024-03-27T10:33:40Z" duration-ms="3670">
      <class name="MealPlanTest">
        <test-method signature="AddItemtoMealPlanTest()[pri:0, instance:MealPlanTest@700fb871]" started-at="2024-03-27T17:33:36Z" name="AddItemtoMealPlanTest" description="Add item to mealplan" finished-at="2024-03-27T17:33:39Z" duration-ms="2328" status="PASS">
          <reporter-output>
          </reporter-output>
        </test-method> <!-- AddItemtoMealPlanTest -->
        <test-method signature="DeleteItemtoMealPlanTest()[pri:0, instance:MealPlanTest@700fb871]" started-at="2024-03-27T17:33:39Z" name="DeleteItemtoMealPlanTest" description="Delete item from MealPlan" finished-at="2024-03-27T17:33:39Z" duration-ms="310" status="PASS">
          <reporter-output>
          </reporter-output>
        </test-method> <!-- DeleteItemtoMealPlanTest -->
        <test-method signature="MealPlanGenerateTest()[pri:0, instance:MealPlanTest@700fb871]" started-at="2024-03-27T17:33:39Z" name="MealPlanGenerateTest" description="Generate MealPlan" finished-at="2024-03-27T17:33:40Z" duration-ms="912" status="PASS">
          <reporter-output>
          </reporter-output>
        </test-method> <!-- MealPlanGenerateTest -->
      </class> <!-- MealPlanTest -->
      <class name="BaseTest">
        <test-method is-config="true" signature="SetUpSuite()[pri:0, instance:BaseTest@29f7cefd]" started-at="2024-03-27T17:33:36Z" name="SetUpSuite" description="Configure URI" finished-at="2024-03-27T17:33:36Z" duration-ms="414" status="PASS">
          <reporter-output>
          </reporter-output>
        </test-method> <!-- SetUpSuite -->
        <test-method is-config="true" signature="TearDownSuite()[pri:0, instance:BaseTest@29f7cefd]" started-at="2024-03-27T17:33:40Z" name="TearDownSuite" finished-at="2024-03-27T17:33:40Z" duration-ms="2" status="PASS">
          <reporter-output>
          </reporter-output>
        </test-method> <!-- TearDownSuite -->
      </class> <!-- BaseTest -->
    </test> <!-- Surefire test -->
  </suite> <!-- Surefire suite -->
</testng-results>
